[0.019s] Invoking command in '/home/jonathan/casper_robot/src/articubot_one/build/articubot_one': CMAKE_PREFIX_PATH=${CMAKE_PREFIX_PATH}:/opt/ros/humble /usr/bin/cmake /home/jonathan/casper_robot/src/articubot_one -DAMENT_CMAKE_SYMLINK_INSTALL=1 -DCMAKE_INSTALL_PREFIX=/home/jonathan/casper_robot/src/articubot_one/install/articubot_one
[0.288s] -- The C compiler identification is GNU 11.4.0
[0.536s] -- The CXX compiler identification is GNU 11.4.0
[0.563s] -- Detecting C compiler ABI info
[0.692s] -- Detecting C compiler ABI info - done
[0.696s] -- Check for working C compiler: /usr/bin/cc - skipped
[0.700s] -- Detecting C compile features
[0.702s] -- Detecting C compile features - done
[0.708s] -- Detecting CXX compiler ABI info
[0.852s] -- Detecting CXX compiler ABI info - done
[0.875s] -- Check for working CXX compiler: /usr/bin/c++ - skipped
[0.877s] -- Detecting CXX compile features
[0.878s] -- Detecting CXX compile features - done
[0.889s] -- Found ament_cmake: 1.3.10 (/opt/ros/humble/share/ament_cmake/cmake)
[1.117s] -- Found Python3: /usr/bin/python3 (found version "3.10.12") found components: Interpreter 
[1.223s] -- Override CMake install command with custom implementation using symlinks instead of copying resources
[1.292s] -- Found ament_lint_auto: 0.12.11 (/opt/ros/humble/share/ament_lint_auto/cmake)
[1.431s] -- Added test 'copyright' to check source files copyright and LICENSE
[1.435s] -- Added test 'cppcheck' to perform static code analysis on C / C++ code
[1.435s] -- Configured cppcheck include dirs: 
[1.435s] -- Configured cppcheck exclude dirs and/or files: 
[1.446s] -- Added test 'cpplint' to check C / C++ code against the Google style
[1.446s] -- Configured cpplint exclude dirs and/or files: 
[1.447s] -- Added test 'flake8' to check Python code syntax and style conventions
[1.450s] -- Added test 'lint_cmake' to check CMake code style
[1.452s] -- Added test 'pep257' to check Python code against some of the docstring style conventions in PEP 257
[1.463s] -- Added test 'uncrustify' to check C / C++ code style
[1.464s] -- Configured uncrustify additional arguments: 
[1.466s] -- Added test 'xmllint' to check XML markup files
[1.474s] -- Configuring done
[1.475s] -- Generating done
[1.477s] -- Build files have been written to: /home/jonathan/casper_robot/src/articubot_one/build/articubot_one
[1.489s] Invoked command in '/home/jonathan/casper_robot/src/articubot_one/build/articubot_one' returned '0': CMAKE_PREFIX_PATH=${CMAKE_PREFIX_PATH}:/opt/ros/humble /usr/bin/cmake /home/jonathan/casper_robot/src/articubot_one -DAMENT_CMAKE_SYMLINK_INSTALL=1 -DCMAKE_INSTALL_PREFIX=/home/jonathan/casper_robot/src/articubot_one/install/articubot_one
[1.491s] Invoking command in '/home/jonathan/casper_robot/src/articubot_one/build/articubot_one': CMAKE_PREFIX_PATH=${CMAKE_PREFIX_PATH}:/opt/ros/humble /usr/bin/cmake --build /home/jonathan/casper_robot/src/articubot_one/build/articubot_one -- -j2 -l2
[1.547s] Invoked command in '/home/jonathan/casper_robot/src/articubot_one/build/articubot_one' returned '0': CMAKE_PREFIX_PATH=${CMAKE_PREFIX_PATH}:/opt/ros/humble /usr/bin/cmake --build /home/jonathan/casper_robot/src/articubot_one/build/articubot_one -- -j2 -l2
[1.588s] Invoking command in '/home/jonathan/casper_robot/src/articubot_one/build/articubot_one': CMAKE_PREFIX_PATH=${CMAKE_PREFIX_PATH}:/opt/ros/humble /usr/bin/cmake --install /home/jonathan/casper_robot/src/articubot_one/build/articubot_one
[1.599s] -- Install configuration: ""
[1.601s] -- Execute custom install script
[1.601s] -- Symlinking: /home/jonathan/casper_robot/src/articubot_one/install/articubot_one/share/articubot_one/config/drive_bot.rviz
[1.611s] -- Symlinking: /home/jonathan/casper_robot/src/articubot_one/install/articubot_one/share/articubot_one/config/empty.yaml
[1.621s] -- Symlinking: /home/jonathan/casper_robot/src/articubot_one/install/articubot_one/share/articubot_one/config/gaz_ros2_ctl_use_sim.yaml
[1.631s] -- Symlinking: /home/jonathan/casper_robot/src/articubot_one/install/articubot_one/share/articubot_one/config/gazebo_params.yaml
[1.642s] -- Symlinking: /home/jonathan/casper_robot/src/articubot_one/install/articubot_one/share/articubot_one/config/main.rviz
[1.651s] -- Symlinking: /home/jonathan/casper_robot/src/articubot_one/install/articubot_one/share/articubot_one/config/mapper_params_online_async.yaml
[1.660s] -- Symlinking: /home/jonathan/casper_robot/src/articubot_one/install/articubot_one/share/articubot_one/config/my_controllers.yaml
[1.670s] -- Symlinking: /home/jonathan/casper_robot/src/articubot_one/install/articubot_one/share/articubot_one/config/twist_mux.yaml
[1.682s] -- Symlinking: /home/jonathan/casper_robot/src/articubot_one/install/articubot_one/share/articubot_one/config/view_bot.rviz
[1.694s] -- Symlinking: /home/jonathan/casper_robot/src/articubot_one/install/articubot_one/share/articubot_one/description/camera.xacro
[1.703s] -- Symlinking: /home/jonathan/casper_robot/src/articubot_one/install/articubot_one/share/articubot_one/description/depth_camera.xacro
[1.716s] -- Symlinking: /home/jonathan/casper_robot/src/articubot_one/install/articubot_one/share/articubot_one/description/gazebo_control.xacro
[1.728s] -- Symlinking: /home/jonathan/casper_robot/src/articubot_one/install/articubot_one/share/articubot_one/description/inertial_macros.xacro
[1.737s] -- Symlinking: /home/jonathan/casper_robot/src/articubot_one/install/articubot_one/share/articubot_one/description/robot.urdf.xacro
[1.746s] -- Symlinking: /home/jonathan/casper_robot/src/articubot_one/install/articubot_one/share/articubot_one/description/robot_core.xacro
[1.763s] -- Symlinking: /home/jonathan/casper_robot/src/articubot_one/install/articubot_one/share/articubot_one/description/robot_properties.xacro
[1.773s] -- Symlinking: /home/jonathan/casper_robot/src/articubot_one/install/articubot_one/share/articubot_one/description/ros2_control.xacro
[1.786s] -- Symlinking: /home/jonathan/casper_robot/src/articubot_one/install/articubot_one/share/articubot_one/launch/camera.launch.py
[1.800s] -- Symlinking: /home/jonathan/casper_robot/src/articubot_one/install/articubot_one/share/articubot_one/launch/launch_robot.launch.py
[1.810s] -- Symlinking: /home/jonathan/casper_robot/src/articubot_one/install/articubot_one/share/articubot_one/launch/launch_sim.launch.py
[1.820s] -- Symlinking: /home/jonathan/casper_robot/src/articubot_one/install/articubot_one/share/articubot_one/launch/online_async_launch.py
[1.831s] -- Symlinking: /home/jonathan/casper_robot/src/articubot_one/install/articubot_one/share/articubot_one/launch/rplidar.launch.py
[1.842s] -- Symlinking: /home/jonathan/casper_robot/src/articubot_one/install/articubot_one/share/articubot_one/launch/rsp.launch.py
[1.853s] -- Symlinking: /home/jonathan/casper_robot/src/articubot_one/install/articubot_one/share/ament_index/resource_index/package_run_dependencies/articubot_one
[1.866s] -- Symlinking: /home/jonathan/casper_robot/src/articubot_one/install/articubot_one/share/ament_index/resource_index/parent_prefix_path/articubot_one
[1.877s] -- Symlinking: /home/jonathan/casper_robot/src/articubot_one/install/articubot_one/share/articubot_one/environment/ament_prefix_path.sh
[1.886s] -- Symlinking: /home/jonathan/casper_robot/src/articubot_one/install/articubot_one/share/articubot_one/environment/ament_prefix_path.dsv
[1.899s] -- Symlinking: /home/jonathan/casper_robot/src/articubot_one/install/articubot_one/share/articubot_one/environment/path.sh
[1.909s] -- Symlinking: /home/jonathan/casper_robot/src/articubot_one/install/articubot_one/share/articubot_one/environment/path.dsv
[1.920s] -- Symlinking: /home/jonathan/casper_robot/src/articubot_one/install/articubot_one/share/articubot_one/local_setup.bash
[1.931s] -- Symlinking: /home/jonathan/casper_robot/src/articubot_one/install/articubot_one/share/articubot_one/local_setup.sh
[1.941s] -- Symlinking: /home/jonathan/casper_robot/src/articubot_one/install/articubot_one/share/articubot_one/local_setup.zsh
[1.951s] -- Symlinking: /home/jonathan/casper_robot/src/articubot_one/install/articubot_one/share/articubot_one/local_setup.dsv
[1.972s] -- Symlinking: /home/jonathan/casper_robot/src/articubot_one/install/articubot_one/share/articubot_one/package.dsv
[1.983s] -- Symlinking: /home/jonathan/casper_robot/src/articubot_one/install/articubot_one/share/ament_index/resource_index/packages/articubot_one
[1.998s] -- Symlinking: /home/jonathan/casper_robot/src/articubot_one/install/articubot_one/share/articubot_one/cmake/articubot_oneConfig.cmake
[2.009s] -- Symlinking: /home/jonathan/casper_robot/src/articubot_one/install/articubot_one/share/articubot_one/cmake/articubot_oneConfig-version.cmake
[2.019s] -- Symlinking: /home/jonathan/casper_robot/src/articubot_one/install/articubot_one/share/articubot_one/package.xml
[2.031s] Invoked command in '/home/jonathan/casper_robot/src/articubot_one/build/articubot_one' returned '0': CMAKE_PREFIX_PATH=${CMAKE_PREFIX_PATH}:/opt/ros/humble /usr/bin/cmake --install /home/jonathan/casper_robot/src/articubot_one/build/articubot_one
